# Logfile created on Sat Nov 08 13:37:25 -0500 2008 by /
  [4;36;1mSQL (0.018543)[0m   [0;1mselect sqlite_version(*)[0m
  [4;35;1mSQL (0.000889)[0m   [0m SELECT name
 FROM sqlite_master
 WHERE type = 'table' AND NOT name = 'sqlite_sequence'
[0m
  [4;36;1mSQL (0.003643)[0m   [0;1mCREATE TABLE "posts" ("id" INTEGER PRIMARY KEY AUTOINCREMENT NOT NULL, "title" varchar(255), "text" body) [0m
  [4;35;1mSQL (0.000429)[0m   [0m SELECT name
 FROM sqlite_master
 WHERE type = 'table' AND NOT name = 'sqlite_sequence'
[0m
  [4;36;1mSQL (0.002186)[0m   [0;1mCREATE TABLE "comments" ("id" INTEGER PRIMARY KEY AUTOINCREMENT NOT NULL, "post_id" integer, "author" varchar(255), "body" varchar(255)) [0m
  [4;35;1mSQL (0.000722)[0m   [0m SELECT name
 FROM sqlite_master
 WHERE type = 'table' AND NOT name = 'sqlite_sequence'
[0m
  [4;36;1mSQL (0.002991)[0m   [0;1mCREATE TABLE "schema_migrations" ("version" varchar(255) NOT NULL) [0m
  [4;35;1mSQL (0.003106)[0m   [0mCREATE UNIQUE INDEX "unique_schema_migrations" ON "schema_migrations" ("version")[0m
  [4;36;1mSQL (0.000722)[0m   [0;1m SELECT name
 FROM sqlite_master
 WHERE type = 'table' AND NOT name = 'sqlite_sequence'
[0m
  [4;35;1mSQL (0.000193)[0m   [0mSELECT version FROM "schema_migrations"[0m
  [4;36;1mSQL (0.002689)[0m   [0;1mINSERT INTO "schema_migrations" (version) VALUES ('0')[0m
  [4;35;1mPost Create (0.000345)[0m   [0mINSERT INTO "posts" ("title", "text") VALUES(NULL, NULL)[0m
  [4;36;1mPost Load (0.000212)[0m   [0;1mSELECT * FROM "posts" WHERE ("posts"."id" = 1) [0m
  [4;35;1mComment Create (0.000244)[0m   [0mINSERT INTO "comments" ("body", "post_id", "author") VALUES(NULL, 1, NULL)[0m
  [4;36;1mComment Load (0.000569)[0m   [0;1mSELECT * FROM "comments" WHERE ("comments"."id" = 1) AND ("comments".post_id = 1) [0m
  [4;35;1mPost Load (0.000356)[0m   [0mSELECT * FROM "posts" WHERE ("posts"."id" = 1) [0m
  [4;36;1mSQL (0.000219)[0m   [0;1mselect sqlite_version(*)[0m
  [4;35;1mSQL (0.000468)[0m   [0m SELECT name
 FROM sqlite_master
 WHERE type = 'table' AND NOT name = 'sqlite_sequence'
[0m
  [4;36;1mSQL (0.002964)[0m   [0;1mDROP TABLE "posts"[0m
  [4;35;1mSQL (0.002605)[0m   [0mCREATE TABLE "posts" ("id" INTEGER PRIMARY KEY AUTOINCREMENT NOT NULL, "title" varchar(255), "text" body) [0m
  [4;36;1mSQL (0.000606)[0m   [0;1m SELECT name
 FROM sqlite_master
 WHERE type = 'table' AND NOT name = 'sqlite_sequence'
[0m
  [4;35;1mSQL (0.003062)[0m   [0mDROP TABLE "comments"[0m
  [4;36;1mSQL (0.002504)[0m   [0;1mCREATE TABLE "comments" ("id" INTEGER PRIMARY KEY AUTOINCREMENT NOT NULL, "post_id" integer, "author" varchar(255), "body" varchar(255)) [0m
  [4;35;1mSQL (0.000600)[0m   [0m SELECT name
 FROM sqlite_master
 WHERE type = 'table' AND NOT name = 'sqlite_sequence'
[0m
  [4;36;1mSQL (0.000323)[0m   [0;1mSELECT version FROM "schema_migrations"[0m
  [4;35;1mPost Create (0.000355)[0m   [0mINSERT INTO "posts" ("title", "text") VALUES(NULL, NULL)[0m
  [4;36;1mPost Load (0.000636)[0m   [0;1mSELECT * FROM "posts" WHERE ("posts"."id" = 1) [0m
  [4;35;1mComment Create (0.000419)[0m   [0mINSERT INTO "comments" ("body", "post_id", "author") VALUES(NULL, 1, NULL)[0m
  [4;36;1mComment Load (0.000492)[0m   [0;1mSELECT * FROM "comments" WHERE ("comments"."id" = 1) AND ("comments".post_id = 1) [0m
  [4;35;1mPost Load (0.000311)[0m   [0mSELECT * FROM "posts" WHERE ("posts"."id" = 1) [0m
  [4;36;1mSQL (0.000207)[0m   [0;1mselect sqlite_version(*)[0m
  [4;35;1mSQL (0.000442)[0m   [0m SELECT name
 FROM sqlite_master
 WHERE type = 'table' AND NOT name = 'sqlite_sequence'
[0m
  [4;36;1mSQL (0.002598)[0m   [0;1mDROP TABLE "posts"[0m
  [4;35;1mSQL (0.002487)[0m   [0mCREATE TABLE "posts" ("id" INTEGER PRIMARY KEY AUTOINCREMENT NOT NULL, "title" varchar(255), "text" body) [0m
  [4;36;1mSQL (0.000523)[0m   [0;1m SELECT name
 FROM sqlite_master
 WHERE type = 'table' AND NOT name = 'sqlite_sequence'
[0m
  [4;35;1mSQL (0.002110)[0m   [0mDROP TABLE "comments"[0m
  [4;36;1mSQL (0.003346)[0m   [0;1mCREATE TABLE "comments" ("id" INTEGER PRIMARY KEY AUTOINCREMENT NOT NULL, "post_id" integer, "author" varchar(255), "body" varchar(255)) [0m
  [4;35;1mSQL (0.000659)[0m   [0m SELECT name
 FROM sqlite_master
 WHERE type = 'table' AND NOT name = 'sqlite_sequence'
[0m
  [4;36;1mSQL (0.000306)[0m   [0;1mSELECT version FROM "schema_migrations"[0m
  [4;35;1mPost Create (0.000335)[0m   [0mINSERT INTO "posts" ("title", "text") VALUES(NULL, NULL)[0m
  [4;36;1mPost Load (0.000530)[0m   [0;1mSELECT * FROM "posts" WHERE ("posts"."id" = 1) [0m
  [4;35;1mComment Create (0.000422)[0m   [0mINSERT INTO "comments" ("body", "post_id", "author") VALUES(NULL, 1, NULL)[0m
  [4;36;1mComment Load (0.000557)[0m   [0;1mSELECT * FROM "comments" WHERE ("comments"."id" = 1) AND ("comments".post_id = 1) [0m
  [4;36;1mSQL (0.000206)[0m   [0;1mselect sqlite_version(*)[0m
  [4;35;1mSQL (0.000467)[0m   [0m SELECT name
 FROM sqlite_master
 WHERE type = 'table' AND NOT name = 'sqlite_sequence'
[0m
  [4;36;1mSQL (0.002619)[0m   [0;1mDROP TABLE "posts"[0m
  [4;35;1mSQL (0.002490)[0m   [0mCREATE TABLE "posts" ("id" INTEGER PRIMARY KEY AUTOINCREMENT NOT NULL, "title" varchar(255), "text" body) [0m
  [4;36;1mSQL (0.000535)[0m   [0;1m SELECT name
 FROM sqlite_master
 WHERE type = 'table' AND NOT name = 'sqlite_sequence'
[0m
  [4;35;1mSQL (0.002906)[0m   [0mDROP TABLE "comments"[0m
  [4;36;1mSQL (0.002409)[0m   [0;1mCREATE TABLE "comments" ("id" INTEGER PRIMARY KEY AUTOINCREMENT NOT NULL, "post_id" integer, "author" varchar(255), "body" varchar(255)) [0m
  [4;35;1mSQL (0.000517)[0m   [0m SELECT name
 FROM sqlite_master
 WHERE type = 'table' AND NOT name = 'sqlite_sequence'
[0m
  [4;36;1mSQL (0.000267)[0m   [0;1mSELECT version FROM "schema_migrations"[0m
  [4;35;1mPost Create (0.000335)[0m   [0mINSERT INTO "posts" ("title", "text") VALUES(NULL, NULL)[0m
  [4;36;1mPost Load (0.000581)[0m   [0;1mSELECT * FROM "posts" WHERE ("posts"."id" = 1) [0m
  [4;35;1mComment Create (0.000446)[0m   [0mINSERT INTO "comments" ("body", "post_id", "author") VALUES(NULL, 1, NULL)[0m
  [4;36;1mComment Load (0.000441)[0m   [0;1mSELECT * FROM "comments" WHERE ("comments"."id" = 1) AND ("comments".post_id = 1) [0m
  [4;35;1mPost Load (0.000300)[0m   [0mSELECT * FROM "posts" WHERE ("posts"."id" = 1) [0m
  [4;36;1mSQL (0.000195)[0m   [0;1mselect sqlite_version(*)[0m
  [4;35;1mSQL (0.000436)[0m   [0m SELECT name
 FROM sqlite_master
 WHERE type = 'table' AND NOT name = 'sqlite_sequence'
[0m
  [4;36;1mSQL (0.002719)[0m   [0;1mDROP TABLE "posts"[0m
  [4;35;1mSQL (0.002634)[0m   [0mCREATE TABLE "posts" ("id" INTEGER PRIMARY KEY AUTOINCREMENT NOT NULL, "title" varchar(255), "text" body) [0m
  [4;36;1mSQL (0.000491)[0m   [0;1m SELECT name
 FROM sqlite_master
 WHERE type = 'table' AND NOT name = 'sqlite_sequence'
[0m
  [4;35;1mSQL (0.002495)[0m   [0mDROP TABLE "comments"[0m
  [4;36;1mSQL (0.002918)[0m   [0;1mCREATE TABLE "comments" ("id" INTEGER PRIMARY KEY AUTOINCREMENT NOT NULL, "post_id" integer, "author" varchar(255), "body" varchar(255)) [0m
  [4;35;1mSQL (0.000686)[0m   [0m SELECT name
 FROM sqlite_master
 WHERE type = 'table' AND NOT name = 'sqlite_sequence'
[0m
  [4;36;1mSQL (0.000262)[0m   [0;1mSELECT version FROM "schema_migrations"[0m
  [4;35;1mPost Create (0.000325)[0m   [0mINSERT INTO "posts" ("title", "text") VALUES(NULL, NULL)[0m
  [4;36;1mPost Load (0.000592)[0m   [0;1mSELECT * FROM "posts" WHERE ("posts"."id" = 1) [0m
  [4;35;1mComment Create (0.000424)[0m   [0mINSERT INTO "comments" ("body", "post_id", "author") VALUES(NULL, 1, NULL)[0m
  [4;36;1mComment Load (0.000469)[0m   [0;1mSELECT * FROM "comments" WHERE ("comments"."id" = 1) AND ("comments".post_id = 1) [0m
  [4;35;1mPost Load (0.000296)[0m   [0mSELECT * FROM "posts" WHERE ("posts"."id" = 1) [0m
  [4;36;1mSQL (0.000200)[0m   [0;1mselect sqlite_version(*)[0m
  [4;35;1mSQL (0.000434)[0m   [0m SELECT name
 FROM sqlite_master
 WHERE type = 'table' AND NOT name = 'sqlite_sequence'
[0m
  [4;36;1mSQL (0.002856)[0m   [0;1mDROP TABLE "posts"[0m
  [4;35;1mSQL (0.002642)[0m   [0mCREATE TABLE "posts" ("id" INTEGER PRIMARY KEY AUTOINCREMENT NOT NULL, "title" varchar(255), "text" body) [0m
  [4;36;1mSQL (0.000497)[0m   [0;1m SELECT name
 FROM sqlite_master
 WHERE type = 'table' AND NOT name = 'sqlite_sequence'
[0m
  [4;35;1mSQL (0.002749)[0m   [0mDROP TABLE "comments"[0m
  [4;36;1mSQL (0.002584)[0m   [0;1mCREATE TABLE "comments" ("id" INTEGER PRIMARY KEY AUTOINCREMENT NOT NULL, "post_id" integer, "author" varchar(255), "body" varchar(255)) [0m
  [4;35;1mSQL (0.001053)[0m   [0m SELECT name
 FROM sqlite_master
 WHERE type = 'table' AND NOT name = 'sqlite_sequence'
[0m
  [4;36;1mSQL (0.000333)[0m   [0;1mSELECT version FROM "schema_migrations"[0m
  [4;35;1mPost Create (0.000326)[0m   [0mINSERT INTO "posts" ("title", "text") VALUES(NULL, NULL)[0m
  [4;36;1mPost Load (0.000436)[0m   [0;1mSELECT * FROM "posts" WHERE ("posts"."id" = 1) [0m
  [4;35;1mComment Create (0.000419)[0m   [0mINSERT INTO "comments" ("body", "post_id", "author") VALUES(NULL, 1, NULL)[0m
  [4;36;1mComment Load (0.000505)[0m   [0;1mSELECT * FROM "comments" WHERE ("comments"."id" = 1) AND ("comments".post_id = 1) [0m
  [4;35;1mPost Load (0.000329)[0m   [0mSELECT * FROM "posts" WHERE ("posts"."id" = 1) [0m
  [4;36;1mSQL (0.000199)[0m   [0;1mselect sqlite_version(*)[0m
  [4;35;1mSQL (0.000432)[0m   [0m SELECT name
 FROM sqlite_master
 WHERE type = 'table' AND NOT name = 'sqlite_sequence'
[0m
  [4;36;1mSQL (0.002761)[0m   [0;1mDROP TABLE "posts"[0m
  [4;35;1mSQL (0.002755)[0m   [0mCREATE TABLE "posts" ("id" INTEGER PRIMARY KEY AUTOINCREMENT NOT NULL, "title" varchar(255), "text" body) [0m
  [4;36;1mSQL (0.000554)[0m   [0;1m SELECT name
 FROM sqlite_master
 WHERE type = 'table' AND NOT name = 'sqlite_sequence'
[0m
  [4;35;1mSQL (0.002456)[0m   [0mDROP TABLE "comments"[0m
  [4;36;1mSQL (0.002530)[0m   [0;1mCREATE TABLE "comments" ("id" INTEGER PRIMARY KEY AUTOINCREMENT NOT NULL, "post_id" integer, "author" varchar(255), "body" varchar(255)) [0m
  [4;35;1mSQL (0.000602)[0m   [0m SELECT name
 FROM sqlite_master
 WHERE type = 'table' AND NOT name = 'sqlite_sequence'
[0m
  [4;36;1mSQL (0.000313)[0m   [0;1mSELECT version FROM "schema_migrations"[0m
  [4;35;1mPost Create (0.000342)[0m   [0mINSERT INTO "posts" ("title", "text") VALUES(NULL, NULL)[0m
  [4;36;1mPost Load (0.000564)[0m   [0;1mSELECT * FROM "posts" WHERE ("posts"."id" = 1) [0m
  [4;35;1mComment Create (0.000401)[0m   [0mINSERT INTO "comments" ("body", "post_id", "author") VALUES(NULL, 1, NULL)[0m
  [4;36;1mComment Load (0.000468)[0m   [0;1mSELECT * FROM "comments" WHERE ("comments"."id" = 1) AND ("comments".post_id = 1) [0m
  [4;35;1mPost Load (0.000300)[0m   [0mSELECT * FROM "posts" WHERE ("posts"."id" = 1) [0m
  [4;36;1mSQL (0.000573)[0m   [0;1mselect sqlite_version(*)[0m
  [4;35;1mSQL (0.001434)[0m   [0m SELECT name
 FROM sqlite_master
 WHERE type = 'table' AND NOT name = 'sqlite_sequence'
[0m
  [4;36;1mSQL (0.002316)[0m   [0;1mDROP TABLE "posts"[0m
  [4;35;1mSQL (0.002337)[0m   [0mCREATE TABLE "posts" ("id" INTEGER PRIMARY KEY AUTOINCREMENT NOT NULL, "title" varchar(255), "text" body) [0m
  [4;36;1mSQL (0.000544)[0m   [0;1m SELECT name
 FROM sqlite_master
 WHERE type = 'table' AND NOT name = 'sqlite_sequence'
[0m
  [4;35;1mSQL (0.002449)[0m   [0mDROP TABLE "comments"[0m
  [4;36;1mSQL (0.002843)[0m   [0;1mCREATE TABLE "comments" ("id" INTEGER PRIMARY KEY AUTOINCREMENT NOT NULL, "post_id" integer, "author" varchar(255), "body" varchar(255)) [0m
  [4;35;1mSQL (0.000780)[0m   [0m SELECT name
 FROM sqlite_master
 WHERE type = 'table' AND NOT name = 'sqlite_sequence'
[0m
  [4;36;1mSQL (0.011894)[0m   [0;1mSELECT version FROM "schema_migrations"[0m
  [4;35;1mPost Create (0.000538)[0m   [0mINSERT INTO "posts" ("title", "text") VALUES(NULL, NULL)[0m
  [4;36;1mPost Load (0.000647)[0m   [0;1mSELECT * FROM "posts" WHERE ("posts"."id" = 1) [0m
  [4;35;1mPost Create (0.000439)[0m   [0mINSERT INTO "posts" ("title", "text") VALUES(NULL, NULL)[0m
  [4;36;1mPost Load (0.000538)[0m   [0;1mSELECT * FROM "posts" WHERE ("posts"."id" = 2) [0m
  [4;35;1mComment Create (0.000401)[0m   [0mINSERT INTO "comments" ("body", "post_id", "author") VALUES(NULL, 2, NULL)[0m
  [4;36;1mComment Load (0.000270)[0m   [0;1mSELECT * FROM "comments" WHERE ("comments"."id" = 1) AND ("comments".post_id = 1) [0m
  [4;36;1mSQL (0.000202)[0m   [0;1mselect sqlite_version(*)[0m
  [4;35;1mSQL (0.000458)[0m   [0m SELECT name
 FROM sqlite_master
 WHERE type = 'table' AND NOT name = 'sqlite_sequence'
[0m
  [4;36;1mSQL (0.003061)[0m   [0;1mDROP TABLE "posts"[0m
  [4;35;1mSQL (0.002765)[0m   [0mCREATE TABLE "posts" ("id" INTEGER PRIMARY KEY AUTOINCREMENT NOT NULL, "title" varchar(255), "text" body) [0m
  [4;36;1mSQL (0.000522)[0m   [0;1m SELECT name
 FROM sqlite_master
 WHERE type = 'table' AND NOT name = 'sqlite_sequence'
[0m
  [4;35;1mSQL (0.002269)[0m   [0mDROP TABLE "comments"[0m
  [4;36;1mSQL (0.002630)[0m   [0;1mCREATE TABLE "comments" ("id" INTEGER PRIMARY KEY AUTOINCREMENT NOT NULL, "post_id" integer, "author" varchar(255), "body" varchar(255)) [0m
  [4;35;1mSQL (0.000659)[0m   [0m SELECT name
 FROM sqlite_master
 WHERE type = 'table' AND NOT name = 'sqlite_sequence'
[0m
  [4;36;1mSQL (0.000266)[0m   [0;1mSELECT version FROM "schema_migrations"[0m
  [4;35;1mPost Create (0.000367)[0m   [0mINSERT INTO "posts" ("title", "text") VALUES(NULL, NULL)[0m
  [4;36;1mPost Load (0.000578)[0m   [0;1mSELECT * FROM "posts" WHERE ("posts"."id" = 1) [0m
  [4;36;1mSQL (0.000203)[0m   [0;1mselect sqlite_version(*)[0m
  [4;35;1mSQL (0.000431)[0m   [0m SELECT name
 FROM sqlite_master
 WHERE type = 'table' AND NOT name = 'sqlite_sequence'
[0m
  [4;36;1mSQL (0.002883)[0m   [0;1mDROP TABLE "posts"[0m
  [4;35;1mSQL (0.002549)[0m   [0mCREATE TABLE "posts" ("id" INTEGER PRIMARY KEY AUTOINCREMENT NOT NULL, "title" varchar(255), "text" body) [0m
  [4;36;1mSQL (0.000625)[0m   [0;1m SELECT name
 FROM sqlite_master
 WHERE type = 'table' AND NOT name = 'sqlite_sequence'
[0m
  [4;35;1mSQL (0.003007)[0m   [0mDROP TABLE "comments"[0m
  [4;36;1mSQL (0.002713)[0m   [0;1mCREATE TABLE "comments" ("id" INTEGER PRIMARY KEY AUTOINCREMENT NOT NULL, "post_id" integer, "author" varchar(255), "body" varchar(255)) [0m
  [4;35;1mSQL (0.000826)[0m   [0m SELECT name
 FROM sqlite_master
 WHERE type = 'table' AND NOT name = 'sqlite_sequence'
[0m
  [4;36;1mSQL (0.000335)[0m   [0;1mSELECT version FROM "schema_migrations"[0m
  [4;35;1mPost Create (0.000362)[0m   [0mINSERT INTO "posts" ("title", "text") VALUES(NULL, NULL)[0m
  [4;36;1mPost Load (0.000438)[0m   [0;1mSELECT * FROM "posts" WHERE ("posts"."id" = 1) [0m
  [4;35;1mPost Create (0.000390)[0m   [0mINSERT INTO "posts" ("title", "text") VALUES(NULL, NULL)[0m
  [4;36;1mPost Load (0.000456)[0m   [0;1mSELECT * FROM "posts" WHERE ("posts"."id" = 2) [0m
  [4;35;1mComment Create (0.000432)[0m   [0mINSERT INTO "comments" ("body", "post_id", "author") VALUES(NULL, 2, NULL)[0m
  [4;36;1mComment Load (0.000367)[0m   [0;1mSELECT * FROM "comments" WHERE ("comments"."id" = 1) AND ("comments".post_id = 1) [0m
  [4;36;1mSQL (0.000200)[0m   [0;1mselect sqlite_version(*)[0m
  [4;35;1mSQL (0.000430)[0m   [0m SELECT name
 FROM sqlite_master
 WHERE type = 'table' AND NOT name = 'sqlite_sequence'
[0m
  [4;36;1mSQL (0.002677)[0m   [0;1mDROP TABLE "posts"[0m
  [4;35;1mSQL (0.002422)[0m   [0mCREATE TABLE "posts" ("id" INTEGER PRIMARY KEY AUTOINCREMENT NOT NULL, "title" varchar(255), "text" body) [0m
  [4;36;1mSQL (0.000548)[0m   [0;1m SELECT name
 FROM sqlite_master
 WHERE type = 'table' AND NOT name = 'sqlite_sequence'
[0m
  [4;35;1mSQL (0.002515)[0m   [0mDROP TABLE "comments"[0m
  [4;36;1mSQL (0.002595)[0m   [0;1mCREATE TABLE "comments" ("id" INTEGER PRIMARY KEY AUTOINCREMENT NOT NULL, "post_id" integer, "author" varchar(255), "body" varchar(255)) [0m
  [4;35;1mSQL (0.000850)[0m   [0m SELECT name
 FROM sqlite_master
 WHERE type = 'table' AND NOT name = 'sqlite_sequence'
[0m
  [4;36;1mSQL (0.000375)[0m   [0;1mSELECT version FROM "schema_migrations"[0m
  [4;35;1mPost Create (0.000331)[0m   [0mINSERT INTO "posts" ("title", "text") VALUES(NULL, NULL)[0m
  [4;36;1mPost Load (0.000720)[0m   [0;1mSELECT * FROM "posts" WHERE ("posts"."id" = 1) [0m
  [4;36;1mSQL (0.000214)[0m   [0;1mselect sqlite_version(*)[0m
  [4;35;1mSQL (0.000429)[0m   [0m SELECT name
 FROM sqlite_master
 WHERE type = 'table' AND NOT name = 'sqlite_sequence'
[0m
  [4;36;1mSQL (0.001996)[0m   [0;1mDROP TABLE "posts"[0m
  [4;35;1mSQL (0.002127)[0m   [0mCREATE TABLE "posts" ("id" INTEGER PRIMARY KEY AUTOINCREMENT NOT NULL, "title" varchar(255), "text" body) [0m
  [4;36;1mSQL (0.000501)[0m   [0;1m SELECT name
 FROM sqlite_master
 WHERE type = 'table' AND NOT name = 'sqlite_sequence'
[0m
  [4;35;1mSQL (0.002358)[0m   [0mDROP TABLE "comments"[0m
  [4;36;1mSQL (0.002863)[0m   [0;1mCREATE TABLE "comments" ("id" INTEGER PRIMARY KEY AUTOINCREMENT NOT NULL, "post_id" integer, "author" varchar(255), "body" varchar(255)) [0m
  [4;35;1mSQL (0.000535)[0m   [0m SELECT name
 FROM sqlite_master
 WHERE type = 'table' AND NOT name = 'sqlite_sequence'
[0m
  [4;36;1mSQL (0.000271)[0m   [0;1mSELECT version FROM "schema_migrations"[0m
  [4;35;1mPost Create (0.000326)[0m   [0mINSERT INTO "posts" ("title", "text") VALUES(NULL, NULL)[0m
  [4;36;1mPost Load (0.000585)[0m   [0;1mSELECT * FROM "posts" WHERE ("posts"."id" = 1) [0m
  [4;35;1mPost Create (0.000530)[0m   [0mINSERT INTO "posts" ("title", "text") VALUES(NULL, NULL)[0m
  [4;36;1mPost Load (0.000570)[0m   [0;1mSELECT * FROM "posts" WHERE ("posts"."id" = 2) [0m
  [4;35;1mPost Create (0.000842)[0m   [0mINSERT INTO "posts" ("title", "text") VALUES(NULL, NULL)[0m
  [4;36;1mPost Load (0.000619)[0m   [0;1mSELECT * FROM "posts" WHERE ("posts"."id" = 3) [0m
  [4;35;1mComment Create (0.000423)[0m   [0mINSERT INTO "comments" ("body", "post_id", "author") VALUES(NULL, 3, NULL)[0m
  [4;36;1mComment Load (0.000278)[0m   [0;1mSELECT * FROM "comments" WHERE ("comments"."id" = 1) AND ("comments".post_id = 1) [0m
  [4;36;1mSQL (0.000263)[0m   [0;1mselect sqlite_version(*)[0m
  [4;35;1mSQL (0.000437)[0m   [0m SELECT name
 FROM sqlite_master
 WHERE type = 'table' AND NOT name = 'sqlite_sequence'
[0m
  [4;36;1mSQL (0.002845)[0m   [0;1mDROP TABLE "posts"[0m
  [4;35;1mSQL (0.002593)[0m   [0mCREATE TABLE "posts" ("id" INTEGER PRIMARY KEY AUTOINCREMENT NOT NULL, "title" varchar(255), "text" body) [0m
  [4;36;1mSQL (0.000658)[0m   [0;1m SELECT name
 FROM sqlite_master
 WHERE type = 'table' AND NOT name = 'sqlite_sequence'
[0m
  [4;35;1mSQL (0.003081)[0m   [0mDROP TABLE "comments"[0m
  [4;36;1mSQL (0.002814)[0m   [0;1mCREATE TABLE "comments" ("id" INTEGER PRIMARY KEY AUTOINCREMENT NOT NULL, "post_id" integer, "author" varchar(255), "body" varchar(255)) [0m
  [4;35;1mSQL (0.000472)[0m   [0m SELECT name
 FROM sqlite_master
 WHERE type = 'table' AND NOT name = 'sqlite_sequence'
[0m
  [4;36;1mSQL (0.000321)[0m   [0;1mSELECT version FROM "schema_migrations"[0m
  [4;35;1mPost Create (0.000367)[0m   [0mINSERT INTO "posts" ("title", "text") VALUES(NULL, NULL)[0m
  [4;36;1mPost Load (0.000584)[0m   [0;1mSELECT * FROM "posts" WHERE ("posts"."id" = 1) [0m
  [4;36;1mSQL (0.000269)[0m   [0;1mselect sqlite_version(*)[0m
  [4;35;1mSQL (0.000456)[0m   [0m SELECT name
 FROM sqlite_master
 WHERE type = 'table' AND NOT name = 'sqlite_sequence'
[0m
  [4;36;1mSQL (0.002722)[0m   [0;1mDROP TABLE "posts"[0m
  [4;35;1mSQL (0.002794)[0m   [0mCREATE TABLE "posts" ("id" INTEGER PRIMARY KEY AUTOINCREMENT NOT NULL, "title" varchar(255), "text" body) [0m
  [4;36;1mSQL (0.000508)[0m   [0;1m SELECT name
 FROM sqlite_master
 WHERE type = 'table' AND NOT name = 'sqlite_sequence'
[0m
  [4;35;1mSQL (0.001830)[0m   [0mDROP TABLE "comments"[0m
  [4;36;1mSQL (0.002600)[0m   [0;1mCREATE TABLE "comments" ("id" INTEGER PRIMARY KEY AUTOINCREMENT NOT NULL, "post_id" integer, "author" varchar(255), "body" varchar(255)) [0m
  [4;35;1mSQL (0.000582)[0m   [0m SELECT name
 FROM sqlite_master
 WHERE type = 'table' AND NOT name = 'sqlite_sequence'
[0m
  [4;36;1mSQL (0.000281)[0m   [0;1mSELECT version FROM "schema_migrations"[0m
  [4;35;1mPost Create (0.000373)[0m   [0mINSERT INTO "posts" ("title", "text") VALUES(NULL, NULL)[0m
  [4;36;1mPost Load (0.000442)[0m   [0;1mSELECT * FROM "posts" WHERE ("posts"."id" = 1) [0m
  [4;35;1mComment Create (0.000432)[0m   [0mINSERT INTO "comments" ("body", "post_id", "author") VALUES(NULL, NULL, NULL)[0m
  [4;36;1mComment Load (0.000277)[0m   [0;1mSELECT * FROM "comments" WHERE ("comments"."id" = 1) AND ("comments".post_id = 1) [0m
  [4;36;1mSQL (0.000214)[0m   [0;1mselect sqlite_version(*)[0m
  [4;35;1mSQL (0.000425)[0m   [0m SELECT name
 FROM sqlite_master
 WHERE type = 'table' AND NOT name = 'sqlite_sequence'
[0m
  [4;36;1mSQL (0.002902)[0m   [0;1mDROP TABLE "posts"[0m
  [4;35;1mSQL (0.002523)[0m   [0mCREATE TABLE "posts" ("id" INTEGER PRIMARY KEY AUTOINCREMENT NOT NULL, "title" varchar(255), "text" body) [0m
  [4;36;1mSQL (0.000579)[0m   [0;1m SELECT name
 FROM sqlite_master
 WHERE type = 'table' AND NOT name = 'sqlite_sequence'
[0m
  [4;35;1mSQL (0.002867)[0m   [0mDROP TABLE "comments"[0m
  [4;36;1mSQL (0.002896)[0m   [0;1mCREATE TABLE "comments" ("id" INTEGER PRIMARY KEY AUTOINCREMENT NOT NULL, "post_id" integer, "author" varchar(255), "body" varchar(255)) [0m
  [4;35;1mSQL (0.000500)[0m   [0m SELECT name
 FROM sqlite_master
 WHERE type = 'table' AND NOT name = 'sqlite_sequence'
[0m
  [4;36;1mSQL (0.000265)[0m   [0;1mSELECT version FROM "schema_migrations"[0m
  [4;35;1mPost Create (0.000349)[0m   [0mINSERT INTO "posts" ("title", "text") VALUES(NULL, NULL)[0m
  [4;36;1mPost Load (0.000561)[0m   [0;1mSELECT * FROM "posts" WHERE ("posts"."id" = 1) [0m
  [4;35;1mComment Create (0.000428)[0m   [0mINSERT INTO "comments" ("body", "post_id", "author") VALUES(NULL, NULL, NULL)[0m
  [4;36;1mComment Load (0.000279)[0m   [0;1mSELECT * FROM "comments" WHERE ("comments"."id" = 1) AND ("comments".post_id = 1) [0m
  [4;36;1mSQL (0.000230)[0m   [0;1mselect sqlite_version(*)[0m
  [4;35;1mSQL (0.000423)[0m   [0m SELECT name
 FROM sqlite_master
 WHERE type = 'table' AND NOT name = 'sqlite_sequence'
[0m
  [4;36;1mSQL (0.002772)[0m   [0;1mDROP TABLE "posts"[0m
  [4;35;1mSQL (0.002647)[0m   [0mCREATE TABLE "posts" ("id" INTEGER PRIMARY KEY AUTOINCREMENT NOT NULL, "title" varchar(255), "text" body) [0m
  [4;36;1mSQL (0.000538)[0m   [0;1m SELECT name
 FROM sqlite_master
 WHERE type = 'table' AND NOT name = 'sqlite_sequence'
[0m
  [4;35;1mSQL (0.003223)[0m   [0mDROP TABLE "comments"[0m
  [4;36;1mSQL (0.002440)[0m   [0;1mCREATE TABLE "comments" ("id" INTEGER PRIMARY KEY AUTOINCREMENT NOT NULL, "post_id" integer, "author" varchar(255), "body" varchar(255)) [0m
  [4;35;1mSQL (0.001030)[0m   [0m SELECT name
 FROM sqlite_master
 WHERE type = 'table' AND NOT name = 'sqlite_sequence'
[0m
  [4;36;1mSQL (0.000310)[0m   [0;1mSELECT version FROM "schema_migrations"[0m
  [4;35;1mSQL (0.000554)[0m   [0m SELECT name
 FROM sqlite_master
 WHERE type = 'table' AND NOT name = 'sqlite_sequence'
[0m
  [4;36;1mPost Create (0.000550)[0m   [0;1mINSERT INTO "posts" ("title", "text") VALUES(NULL, NULL)[0m
  [4;35;1mPost Load (0.000498)[0m   [0mSELECT * FROM "posts" WHERE ("posts"."id" = 1) [0m
  [4;36;1mSQL (0.000632)[0m   [0;1m SELECT name
 FROM sqlite_master
 WHERE type = 'table' AND NOT name = 'sqlite_sequence'
[0m
  [4;35;1mComment Create (0.000824)[0m   [0mINSERT INTO "comments" ("body", "post_id", "author") VALUES(NULL, NULL, NULL)[0m
  [4;36;1mComment Load (0.000308)[0m   [0;1mSELECT * FROM "comments" WHERE ("comments"."id" = 1) AND ("comments".post_id = 1) [0m
  [4;36;1mSQL (0.000212)[0m   [0;1mselect sqlite_version(*)[0m
  [4;35;1mSQL (0.000418)[0m   [0m SELECT name
 FROM sqlite_master
 WHERE type = 'table' AND NOT name = 'sqlite_sequence'
[0m
  [4;36;1mSQL (0.002533)[0m   [0;1mDROP TABLE "posts"[0m
  [4;35;1mSQL (0.002424)[0m   [0mCREATE TABLE "posts" ("id" INTEGER PRIMARY KEY AUTOINCREMENT NOT NULL, "title" varchar(255), "text" body) [0m
  [4;36;1mSQL (0.000527)[0m   [0;1m SELECT name
 FROM sqlite_master
 WHERE type = 'table' AND NOT name = 'sqlite_sequence'
[0m
  [4;35;1mSQL (0.002314)[0m   [0mDROP TABLE "comments"[0m
  [4;36;1mSQL (0.003874)[0m   [0;1mCREATE TABLE "comments" ("id" INTEGER PRIMARY KEY AUTOINCREMENT NOT NULL, "post_id" integer, "author" varchar(255), "body" varchar(255)) [0m
  [4;35;1mSQL (0.000902)[0m   [0m SELECT name
 FROM sqlite_master
 WHERE type = 'table' AND NOT name = 'sqlite_sequence'
[0m
  [4;36;1mSQL (0.000408)[0m   [0;1mSELECT version FROM "schema_migrations"[0m
  [4;35;1mSQL (0.000573)[0m   [0m SELECT name
 FROM sqlite_master
 WHERE type = 'table' AND NOT name = 'sqlite_sequence'
[0m
  [4;36;1mPost Create (0.000497)[0m   [0;1mINSERT INTO "posts" ("title", "text") VALUES(NULL, NULL)[0m
  [4;35;1mPost Load (0.000494)[0m   [0mSELECT * FROM "posts" WHERE ("posts"."id" = 1) [0m
  [4;36;1mComment Create (0.000632)[0m   [0;1mINSERT INTO "comments" ("body", "post_id", "author") VALUES(NULL, NULL, NULL)[0m
  [4;35;1mComment Load (0.000303)[0m   [0mSELECT * FROM "comments" WHERE ("comments"."id" = 1) AND ("comments".post_id = 1) [0m
  [4;36;1mSQL (0.000213)[0m   [0;1mselect sqlite_version(*)[0m
  [4;35;1mSQL (0.000420)[0m   [0m SELECT name
 FROM sqlite_master
 WHERE type = 'table' AND NOT name = 'sqlite_sequence'
[0m
  [4;36;1mSQL (0.002830)[0m   [0;1mDROP TABLE "posts"[0m
  [4;35;1mSQL (0.002828)[0m   [0mCREATE TABLE "posts" ("id" INTEGER PRIMARY KEY AUTOINCREMENT NOT NULL, "title" varchar(255), "text" body) [0m
  [4;36;1mSQL (0.000484)[0m   [0;1m SELECT name
 FROM sqlite_master
 WHERE type = 'table' AND NOT name = 'sqlite_sequence'
[0m
  [4;35;1mSQL (0.002207)[0m   [0mDROP TABLE "comments"[0m
  [4;36;1mSQL (0.002634)[0m   [0;1mCREATE TABLE "comments" ("id" INTEGER PRIMARY KEY AUTOINCREMENT NOT NULL, "post_id" integer, "author" varchar(255), "body" varchar(255)) [0m
  [4;35;1mSQL (0.000803)[0m   [0m SELECT name
 FROM sqlite_master
 WHERE type = 'table' AND NOT name = 'sqlite_sequence'
[0m
  [4;36;1mSQL (0.000268)[0m   [0;1mSELECT version FROM "schema_migrations"[0m
  [4;35;1mPost Create (0.000324)[0m   [0mINSERT INTO "posts" ("title", "text") VALUES(NULL, NULL)[0m
  [4;36;1mPost Load (0.000735)[0m   [0;1mSELECT * FROM "posts" WHERE ("posts"."id" = 1) [0m
  [4;35;1mComment Create (0.000535)[0m   [0mINSERT INTO "comments" ("body", "post_id", "author") VALUES(NULL, NULL, NULL)[0m
  [4;36;1mComment Load (0.000412)[0m   [0;1mSELECT * FROM "comments" WHERE ("comments"."id" = 1) AND ("comments".post_id = 1) [0m
  [4;36;1mSQL (0.000226)[0m   [0;1mselect sqlite_version(*)[0m
  [4;35;1mSQL (0.000429)[0m   [0m SELECT name
 FROM sqlite_master
 WHERE type = 'table' AND NOT name = 'sqlite_sequence'
[0m
  [4;36;1mSQL (0.002628)[0m   [0;1mDROP TABLE "posts"[0m
  [4;35;1mSQL (0.002826)[0m   [0mCREATE TABLE "posts" ("id" INTEGER PRIMARY KEY AUTOINCREMENT NOT NULL, "title" varchar(255), "text" body) [0m
  [4;36;1mSQL (0.000570)[0m   [0;1m SELECT name
 FROM sqlite_master
 WHERE type = 'table' AND NOT name = 'sqlite_sequence'
[0m
  [4;35;1mSQL (0.002607)[0m   [0mDROP TABLE "comments"[0m
  [4;36;1mSQL (0.002288)[0m   [0;1mCREATE TABLE "comments" ("id" INTEGER PRIMARY KEY AUTOINCREMENT NOT NULL, "post_id" integer, "author" varchar(255), "body" varchar(255)) [0m
  [4;35;1mSQL (0.000533)[0m   [0m SELECT name
 FROM sqlite_master
 WHERE type = 'table' AND NOT name = 'sqlite_sequence'
[0m
  [4;36;1mSQL (0.000288)[0m   [0;1mSELECT version FROM "schema_migrations"[0m
  [4;35;1mPost Create (0.000325)[0m   [0mINSERT INTO "posts" ("title", "text") VALUES(NULL, NULL)[0m
  [4;36;1mPost Load (0.000611)[0m   [0;1mSELECT * FROM "posts" WHERE ("posts"."id" = 1) [0m
  [4;35;1mPost Load (0.000346)[0m   [0mSELECT * FROM "posts" WHERE ("posts"."id" = 1) [0m
  [4;36;1mComment Create (0.000458)[0m   [0;1mINSERT INTO "comments" ("body", "post_id", "author") VALUES(NULL, 1, NULL)[0m
  [4;35;1mComment Load (0.000717)[0m   [0mSELECT * FROM "comments" WHERE ("comments"."id" = 1) AND ("comments".post_id = 1) [0m
  [4;36;1mPost Load (0.000356)[0m   [0;1mSELECT * FROM "posts" WHERE ("posts"."id" = 1) [0m
  [4;36;1mSQL (0.000265)[0m   [0;1mselect sqlite_version(*)[0m
  [4;35;1mSQL (0.000521)[0m   [0m SELECT name
 FROM sqlite_master
 WHERE type = 'table' AND NOT name = 'sqlite_sequence'
[0m
  [4;36;1mSQL (0.002029)[0m   [0;1mDROP TABLE "posts"[0m
  [4;35;1mSQL (0.001658)[0m   [0mCREATE TABLE "posts" ("id" INTEGER PRIMARY KEY AUTOINCREMENT NOT NULL, "title" varchar(255), "text" body) [0m
  [4;36;1mSQL (0.000364)[0m   [0;1m SELECT name
 FROM sqlite_master
 WHERE type = 'table' AND NOT name = 'sqlite_sequence'
[0m
  [4;35;1mSQL (0.001779)[0m   [0mDROP TABLE "comments"[0m
  [4;36;1mSQL (0.001547)[0m   [0;1mCREATE TABLE "comments" ("id" INTEGER PRIMARY KEY AUTOINCREMENT NOT NULL, "post_id" integer, "author" varchar(255), "body" varchar(255)) [0m
  [4;35;1mSQL (0.000354)[0m   [0m SELECT name
 FROM sqlite_master
 WHERE type = 'table' AND NOT name = 'sqlite_sequence'
[0m
  [4;36;1mSQL (0.000240)[0m   [0;1mSELECT version FROM "schema_migrations"[0m
  [4;36;1mSQL (0.000213)[0m   [0;1mselect sqlite_version(*)[0m
  [4;35;1mSQL (0.000426)[0m   [0m SELECT name
 FROM sqlite_master
 WHERE type = 'table' AND NOT name = 'sqlite_sequence'
[0m
  [4;36;1mSQL (0.002802)[0m   [0;1mCREATE TABLE "blogs" ("id" INTEGER PRIMARY KEY AUTOINCREMENT NOT NULL, "title" varchar(255), "text" body) [0m
  [4;35;1mSQL (0.000585)[0m   [0m SELECT name
 FROM sqlite_master
 WHERE type = 'table' AND NOT name = 'sqlite_sequence'
[0m
  [4;36;1mSQL (0.003203)[0m   [0;1mCREATE TABLE "replies" ("id" INTEGER PRIMARY KEY AUTOINCREMENT NOT NULL, "blog_id" integer, "author" varchar(255), "body" varchar(255)) [0m
  [4;35;1mSQL (0.000765)[0m   [0m SELECT name
 FROM sqlite_master
 WHERE type = 'table' AND NOT name = 'sqlite_sequence'
[0m
  [4;36;1mSQL (0.000328)[0m   [0;1mSELECT version FROM "schema_migrations"[0m
  [4;35;1mBlog Create (0.000353)[0m   [0mINSERT INTO "blogs" ("title", "text") VALUES(NULL, NULL)[0m
  [4;36;1mBlog Load (0.000782)[0m   [0;1mSELECT * FROM "blogs" WHERE ("blogs"."id" = 1) [0m
  [4;35;1mBlog Create (0.000411)[0m   [0mINSERT INTO "blogs" ("title", "text") VALUES(NULL, NULL)[0m
  [4;36;1mBlog Load (0.000505)[0m   [0;1mSELECT * FROM "blogs" WHERE ("blogs"."id" = 2) [0m
  [4;35;1mReply Create (0.000417)[0m   [0mINSERT INTO "replies" ("body", "author", "blog_id") VALUES(NULL, NULL, 2)[0m
  [4;36;1mReply Load (0.000249)[0m   [0;1mSELECT * FROM "replies" WHERE ("replies"."id" = 1) AND ("replies".blog_id = 1) [0m
  [4;36;1mSQL (0.000264)[0m   [0;1mselect sqlite_version(*)[0m
  [4;35;1mSQL (0.000654)[0m   [0m SELECT name
 FROM sqlite_master
 WHERE type = 'table' AND NOT name = 'sqlite_sequence'
[0m
  [4;36;1mSQL (0.003562)[0m   [0;1mDROP TABLE "blogs"[0m
  [4;35;1mSQL (0.003797)[0m   [0mCREATE TABLE "blogs" ("id" INTEGER PRIMARY KEY AUTOINCREMENT NOT NULL, "title" varchar(255), "text" body) [0m
  [4;36;1mSQL (0.001004)[0m   [0;1m SELECT name
 FROM sqlite_master
 WHERE type = 'table' AND NOT name = 'sqlite_sequence'
[0m
  [4;35;1mSQL (0.003062)[0m   [0mDROP TABLE "replies"[0m
  [4;36;1mSQL (0.003422)[0m   [0;1mCREATE TABLE "replies" ("id" INTEGER PRIMARY KEY AUTOINCREMENT NOT NULL, "blog_id" integer, "author" varchar(255), "body" varchar(255)) [0m
  [4;35;1mSQL (0.000918)[0m   [0m SELECT name
 FROM sqlite_master
 WHERE type = 'table' AND NOT name = 'sqlite_sequence'
[0m
  [4;36;1mSQL (0.000342)[0m   [0;1mSELECT version FROM "schema_migrations"[0m
  [4;35;1mBlog Create (0.000425)[0m   [0mINSERT INTO "blogs" ("title", "text") VALUES(NULL, NULL)[0m
  [4;36;1mBlog Load (0.000824)[0m   [0;1mSELECT * FROM "blogs" WHERE ("blogs"."id" = 1) [0m
  [4;35;1mBlog Create (0.000449)[0m   [0mINSERT INTO "blogs" ("title", "text") VALUES(NULL, NULL)[0m
  [4;36;1mBlog Load (0.000649)[0m   [0;1mSELECT * FROM "blogs" WHERE ("blogs"."id" = 2) [0m
  [4;35;1mReply Create (0.000462)[0m   [0mINSERT INTO "replies" ("body", "author", "blog_id") VALUES(NULL, NULL, 2)[0m
  [4;36;1mReply Load (0.000348)[0m   [0;1mSELECT * FROM "replies" WHERE ("replies"."id" = 1) AND ("replies".blog_id = 1) [0m
  [4;36;1mSQL (0.000227)[0m   [0;1mselect sqlite_version(*)[0m
  [4;35;1mSQL (0.000533)[0m   [0m SELECT name
 FROM sqlite_master
 WHERE type = 'table' AND NOT name = 'sqlite_sequence'
[0m
  [4;36;1mSQL (0.004299)[0m   [0;1mDROP TABLE "blogs"[0m
  [4;35;1mSQL (0.003588)[0m   [0mCREATE TABLE "blogs" ("id" INTEGER PRIMARY KEY AUTOINCREMENT NOT NULL, "title" varchar(255), "text" body) [0m
  [4;36;1mSQL (0.000965)[0m   [0;1m SELECT name
 FROM sqlite_master
 WHERE type = 'table' AND NOT name = 'sqlite_sequence'
[0m
  [4;35;1mSQL (0.002683)[0m   [0mDROP TABLE "replies"[0m
  [4;36;1mSQL (0.002976)[0m   [0;1mCREATE TABLE "replies" ("id" INTEGER PRIMARY KEY AUTOINCREMENT NOT NULL, "blog_id" integer, "author" varchar(255), "body" varchar(255)) [0m
  [4;35;1mSQL (0.000641)[0m   [0m SELECT name
 FROM sqlite_master
 WHERE type = 'table' AND NOT name = 'sqlite_sequence'
[0m
  [4;36;1mSQL (0.000310)[0m   [0;1mSELECT version FROM "schema_migrations"[0m
  [4;35;1mBlog Create (0.000381)[0m   [0mINSERT INTO "blogs" ("title", "text") VALUES(NULL, NULL)[0m
  [4;36;1mBlog Load (0.000634)[0m   [0;1mSELECT * FROM "blogs" WHERE ("blogs"."id" = 1) [0m
  [4;35;1mBlog Create (0.000424)[0m   [0mINSERT INTO "blogs" ("title", "text") VALUES(NULL, NULL)[0m
  [4;36;1mBlog Load (0.000493)[0m   [0;1mSELECT * FROM "blogs" WHERE ("blogs"."id" = 2) [0m
  [4;35;1mReply Create (0.000418)[0m   [0mINSERT INTO "replies" ("body", "author", "blog_id") VALUES(NULL, NULL, 2)[0m
  [4;36;1mReply Load (0.000207)[0m   [0;1mSELECT * FROM "replies" WHERE ("replies"."id" = 1) AND ("replies".blog_id = 1) [0m
  [4;36;1mSQL (0.000259)[0m   [0;1mselect sqlite_version(*)[0m
  [4;35;1mSQL (0.000658)[0m   [0m SELECT name
 FROM sqlite_master
 WHERE type = 'table' AND NOT name = 'sqlite_sequence'
[0m
  [4;36;1mSQL (0.003001)[0m   [0;1mDROP TABLE "blogs"[0m
  [4;35;1mSQL (0.003128)[0m   [0mCREATE TABLE "blogs" ("id" INTEGER PRIMARY KEY AUTOINCREMENT NOT NULL, "title" varchar(255), "text" body) [0m
  [4;36;1mSQL (0.001011)[0m   [0;1m SELECT name
 FROM sqlite_master
 WHERE type = 'table' AND NOT name = 'sqlite_sequence'
[0m
  [4;35;1mSQL (0.002655)[0m   [0mDROP TABLE "replies"[0m
  [4;36;1mSQL (0.003393)[0m   [0;1mCREATE TABLE "replies" ("id" INTEGER PRIMARY KEY AUTOINCREMENT NOT NULL, "blog_id" integer, "author" varchar(255), "body" varchar(255)) [0m
  [4;35;1mSQL (0.001237)[0m   [0m SELECT name
 FROM sqlite_master
 WHERE type = 'table' AND NOT name = 'sqlite_sequence'
[0m
  [4;36;1mSQL (0.000360)[0m   [0;1mSELECT version FROM "schema_migrations"[0m
  [4;35;1mBlog Create (0.000347)[0m   [0mINSERT INTO "blogs" ("title", "text") VALUES(NULL, NULL)[0m
  [4;36;1mBlog Load (0.000585)[0m   [0;1mSELECT * FROM "blogs" WHERE ("blogs"."id" = 1) [0m
  [4;35;1mBlog Load (0.000261)[0m   [0mSELECT * FROM "blogs" WHERE ("blogs"."id" = 1) [0m
  [4;36;1mReply Create (0.000294)[0m   [0;1mINSERT INTO "replies" ("body", "author", "blog_id") VALUES(NULL, NULL, 1)[0m
  [4;35;1mReply Load (0.000667)[0m   [0mSELECT * FROM "replies" WHERE ("replies"."id" = 1) AND ("replies".blog_id = 1) [0m
  [4;36;1mSQL (0.000230)[0m   [0;1mselect sqlite_version(*)[0m
  [4;35;1mSQL (0.000541)[0m   [0m SELECT name
 FROM sqlite_master
 WHERE type = 'table' AND NOT name = 'sqlite_sequence'
[0m
  [4;36;1mSQL (0.003303)[0m   [0;1mDROP TABLE "blogs"[0m
  [4;35;1mSQL (0.003505)[0m   [0mCREATE TABLE "blogs" ("id" INTEGER PRIMARY KEY AUTOINCREMENT NOT NULL, "title" varchar(255), "text" body) [0m
  [4;36;1mSQL (0.000752)[0m   [0;1m SELECT name
 FROM sqlite_master
 WHERE type = 'table' AND NOT name = 'sqlite_sequence'
[0m
  [4;35;1mSQL (0.002915)[0m   [0mDROP TABLE "replies"[0m
  [4;36;1mSQL (0.003117)[0m   [0;1mCREATE TABLE "replies" ("id" INTEGER PRIMARY KEY AUTOINCREMENT NOT NULL, "blog_id" integer, "author" varchar(255), "body" varchar(255)) [0m
  [4;35;1mSQL (0.000879)[0m   [0m SELECT name
 FROM sqlite_master
 WHERE type = 'table' AND NOT name = 'sqlite_sequence'
[0m
  [4;36;1mSQL (0.000303)[0m   [0;1mSELECT version FROM "schema_migrations"[0m
  [4;35;1mBlog Create (0.000366)[0m   [0mINSERT INTO "blogs" ("title", "text") VALUES(NULL, NULL)[0m
  [4;36;1mBlog Load (0.000252)[0m   [0;1mSELECT * FROM "blogs" WHERE ("blogs"."id" = 1) [0m
  [4;35;1mBlog Load (0.000268)[0m   [0mSELECT * FROM "blogs" WHERE ("blogs"."id" = 1) [0m
  [4;36;1mReply Create (0.000294)[0m   [0;1mINSERT INTO "replies" ("body", "author", "blog_id") VALUES(NULL, NULL, 1)[0m
  [4;35;1mReply Load (0.000280)[0m   [0mSELECT * FROM "replies" WHERE ("replies"."id" = 1) AND ("replies".blog_id = 1) [0m
  [4;36;1mBlog Load (0.000184)[0m   [0;1mSELECT * FROM "blogs" WHERE ("blogs"."id" = 1) [0m
  [4;36;1mSQL (0.000257)[0m   [0;1mselect sqlite_version(*)[0m
  [4;35;1mSQL (0.000657)[0m   [0m SELECT name
 FROM sqlite_master
 WHERE type = 'table' AND NOT name = 'sqlite_sequence'
[0m
  [4;36;1mSQL (0.003215)[0m   [0;1mDROP TABLE "blogs"[0m
  [4;35;1mSQL (0.003201)[0m   [0mCREATE TABLE "blogs" ("id" INTEGER PRIMARY KEY AUTOINCREMENT NOT NULL, "title" varchar(255), "text" body) [0m
  [4;36;1mSQL (0.000797)[0m   [0;1m SELECT name
 FROM sqlite_master
 WHERE type = 'table' AND NOT name = 'sqlite_sequence'
[0m
  [4;35;1mSQL (0.002518)[0m   [0mDROP TABLE "replies"[0m
  [4;36;1mSQL (0.003173)[0m   [0;1mCREATE TABLE "replies" ("id" INTEGER PRIMARY KEY AUTOINCREMENT NOT NULL, "blog_id" integer, "author" varchar(255), "body" varchar(255)) [0m
  [4;35;1mSQL (0.000939)[0m   [0m SELECT name
 FROM sqlite_master
 WHERE type = 'table' AND NOT name = 'sqlite_sequence'
[0m
  [4;36;1mSQL (0.000331)[0m   [0;1mSELECT version FROM "schema_migrations"[0m
  [4;35;1mBlog Create (0.000353)[0m   [0mINSERT INTO "blogs" ("title", "text") VALUES(NULL, NULL)[0m
  [4;36;1mBlog Load (0.000927)[0m   [0;1mSELECT * FROM "blogs" WHERE ("blogs"."id" = 1) [0m
  [4;35;1mBlog Load (0.000978)[0m   [0mSELECT * FROM "blogs" WHERE ("blogs"."id" = 1) [0m
  [4;36;1mReply Create (0.000483)[0m   [0;1mINSERT INTO "replies" ("body", "author", "blog_id") VALUES(NULL, NULL, 1)[0m
  [4;35;1mReply Load (0.000815)[0m   [0mSELECT * FROM "replies" WHERE ("replies"."id" = 1) AND ("replies".blog_id = 1) [0m
  [4;36;1mBlog Load (0.000459)[0m   [0;1mSELECT * FROM "blogs" WHERE ("blogs"."id" = 1) [0m
  [4;36;1mSQL (0.000259)[0m   [0;1mselect sqlite_version(*)[0m
  [4;35;1mSQL (0.000776)[0m   [0m SELECT name
 FROM sqlite_master
 WHERE type = 'table' AND NOT name = 'sqlite_sequence'
[0m
  [4;36;1mSQL (0.002980)[0m   [0;1mDROP TABLE "blogs"[0m
  [4;35;1mSQL (0.003512)[0m   [0mCREATE TABLE "blogs" ("id" INTEGER PRIMARY KEY AUTOINCREMENT NOT NULL, "title" varchar(255), "text" body) [0m
  [4;36;1mSQL (0.000898)[0m   [0;1m SELECT name
 FROM sqlite_master
 WHERE type = 'table' AND NOT name = 'sqlite_sequence'
[0m
  [4;35;1mSQL (0.003321)[0m   [0mDROP TABLE "replies"[0m
  [4;36;1mSQL (0.003055)[0m   [0;1mCREATE TABLE "replies" ("id" INTEGER PRIMARY KEY AUTOINCREMENT NOT NULL, "blog_id" integer, "author" varchar(255), "body" varchar(255)) [0m
  [4;35;1mSQL (0.000935)[0m   [0m SELECT name
 FROM sqlite_master
 WHERE type = 'table' AND NOT name = 'sqlite_sequence'
[0m
  [4;36;1mSQL (0.000332)[0m   [0;1mSELECT version FROM "schema_migrations"[0m
  [4;35;1mBlog Create (0.000366)[0m   [0mINSERT INTO "blogs" ("title", "text") VALUES(NULL, NULL)[0m
  [4;36;1mBlog Load (0.000639)[0m   [0;1mSELECT * FROM "blogs" WHERE ("blogs"."id" = 1) [0m
  [4;35;1mBlog Load (0.000411)[0m   [0mSELECT * FROM "blogs" WHERE ("blogs"."id" = 1) [0m
  [4;36;1mReply Create (0.000462)[0m   [0;1mINSERT INTO "replies" ("body", "author", "blog_id") VALUES(NULL, NULL, 1)[0m
  [4;35;1mReply Load (0.000600)[0m   [0mSELECT * FROM "replies" WHERE ("replies"."id" = 1) AND ("replies".blog_id = 1) [0m
  [4;36;1mBlog Load (0.000385)[0m   [0;1mSELECT * FROM "blogs" WHERE ("blogs"."id" = 1) [0m
